<?xml version="1.0" encoding="UTF-8"?>
<testng-results skipped="0" failed="0" ignored="0" total="1" passed="1">
  <reporter-output>
  </reporter-output>
  <suite name="Default suite" duration-ms="51679" started-at="2017-09-04T21:03:04Z" finished-at="2017-09-04T21:03:55Z">
    <groups>
    </groups>
    <test name="Default test" duration-ms="51679" started-at="2017-09-04T21:03:04Z" finished-at="2017-09-04T21:03:55Z">
      <class name="controller.testsuite.testcase.Func_CollaborateUser">
        <test-method status="PASS" signature="initSeleniumDriver()[pri:0, instance:controller.testsuite.testcase.Func_CollaborateUser@4cf777e8]" name="initSeleniumDriver" is-config="true" duration-ms="3981" started-at="2017-09-05T05:03:04Z" finished-at="2017-09-05T05:03:08Z">
          <reporter-output>
          </reporter-output>
        </test-method> <!-- initSeleniumDriver -->
        <test-method status="PASS" signature="verifyAddExternalContacts()[pri:2, instance:controller.testsuite.testcase.Func_CollaborateUser@4cf777e8]" name="verifyAddExternalContacts" duration-ms="45007" started-at="2017-09-05T05:03:08Z" finished-at="2017-09-05T05:03:53Z">
          <reporter-output>
          </reporter-output>
        </test-method> <!-- verifyAddExternalContacts -->
        <test-method status="PASS" signature="deleteSeleniumDriver()[pri:0, instance:controller.testsuite.testcase.Func_CollaborateUser@4cf777e8]" name="deleteSeleniumDriver" is-config="true" duration-ms="2676" started-at="2017-09-05T05:03:53Z" finished-at="2017-09-05T05:03:55Z">
          <reporter-output>
          </reporter-output>
        </test-method> <!-- deleteSeleniumDriver -->
      </class> <!-- controller.testsuite.testcase.Func_CollaborateUser -->
    </test> <!-- Default test -->
  </suite> <!-- Default suite -->
</testng-results>
